[2025-11-03 06:39:51Z INFO HostContext] No proxy settings were found based on environmental variables (http_proxy/https_proxy/HTTP_PROXY/HTTPS_PROXY)
[2025-11-03 06:39:51Z INFO HostContext] Well known directory 'Bin': 'B:\JS-sample\weather_app\actions-runner\bin'
[2025-11-03 06:39:51Z INFO HostContext] Well known directory 'Root': 'B:\JS-sample\weather_app\actions-runner'
[2025-11-03 06:39:51Z INFO HostContext] Well known config file 'Credentials': 'B:\JS-sample\weather_app\actions-runner\.credentials'
[2025-11-03 06:39:52Z INFO HostContext] Well known directory 'Bin': 'B:\JS-sample\weather_app\actions-runner\bin'
[2025-11-03 06:39:52Z INFO HostContext] Well known directory 'Root': 'B:\JS-sample\weather_app\actions-runner'
[2025-11-03 06:39:52Z INFO HostContext] Well known config file 'Runner': 'B:\JS-sample\weather_app\actions-runner\.runner'
[2025-11-03 06:39:52Z INFO Listener] Runner is built for Windows (X64) - win-x64.
[2025-11-03 06:39:52Z INFO Listener] RuntimeInformation: Microsoft Windows 10.0.26200.
[2025-11-03 06:39:52Z INFO Listener] Version: 2.329.0
[2025-11-03 06:39:52Z INFO Listener] Commit: c76c59996c8fa32e989164a5a695efb12608ae5a
[2025-11-03 06:39:52Z INFO Listener] Culture: en-US
[2025-11-03 06:39:52Z INFO Listener] UI Culture: en-US
[2025-11-03 06:39:52Z INFO HostContext] Well known directory 'Bin': 'B:\JS-sample\weather_app\actions-runner\bin'
[2025-11-03 06:39:52Z INFO HostContext] Well known directory 'Root': 'B:\JS-sample\weather_app\actions-runner'
[2025-11-03 06:39:52Z INFO Listener] Validating directory permissions for: 'B:\JS-sample\weather_app\actions-runner'
[2025-11-03 06:39:52Z INFO CommandLineParser] Parse
[2025-11-03 06:39:52Z INFO CommandLineParser] Parsing 3 args
[2025-11-03 06:39:52Z INFO CommandLineParser] parsing argument
[2025-11-03 06:39:52Z INFO CommandLineParser] HasArgs: False
[2025-11-03 06:39:52Z INFO CommandLineParser] Adding Command: run
[2025-11-03 06:39:52Z INFO CommandLineParser] parsing argument
[2025-11-03 06:39:52Z INFO CommandLineParser] HasArgs: True
[2025-11-03 06:39:52Z INFO CommandLineParser] arg: startuptype
[2025-11-03 06:39:52Z INFO CommandLineParser] parsing argument
[2025-11-03 06:39:52Z INFO CommandLineParser] HasArgs: True
[2025-11-03 06:39:52Z INFO CommandLineParser] Adding option 'startuptype': 'service'
[2025-11-03 06:39:52Z INFO Listener] Arguments parsed
[2025-11-03 06:39:52Z INFO Runner] ExecuteCommand
[2025-11-03 06:39:52Z INFO ConfigurationStore] currentAssemblyLocation: B:\JS-sample\weather_app\actions-runner\bin\Runner.Listener.dll
[2025-11-03 06:39:52Z INFO HostContext] Well known directory 'Bin': 'B:\JS-sample\weather_app\actions-runner\bin'
[2025-11-03 06:39:52Z INFO ConfigurationStore] binPath: B:\JS-sample\weather_app\actions-runner\bin
[2025-11-03 06:39:52Z INFO HostContext] Well known directory 'Bin': 'B:\JS-sample\weather_app\actions-runner\bin'
[2025-11-03 06:39:52Z INFO HostContext] Well known directory 'Root': 'B:\JS-sample\weather_app\actions-runner'
[2025-11-03 06:39:52Z INFO ConfigurationStore] RootFolder: B:\JS-sample\weather_app\actions-runner
[2025-11-03 06:39:52Z INFO HostContext] Well known directory 'Bin': 'B:\JS-sample\weather_app\actions-runner\bin'
[2025-11-03 06:39:52Z INFO HostContext] Well known directory 'Root': 'B:\JS-sample\weather_app\actions-runner'
[2025-11-03 06:39:52Z INFO HostContext] Well known config file 'Runner': 'B:\JS-sample\weather_app\actions-runner\.runner'
[2025-11-03 06:39:52Z INFO ConfigurationStore] ConfigFilePath: B:\JS-sample\weather_app\actions-runner\.runner
[2025-11-03 06:39:52Z INFO HostContext] Well known directory 'Bin': 'B:\JS-sample\weather_app\actions-runner\bin'
[2025-11-03 06:39:52Z INFO HostContext] Well known directory 'Root': 'B:\JS-sample\weather_app\actions-runner'
[2025-11-03 06:39:52Z INFO HostContext] Well known config file 'MigratedRunner': 'B:\JS-sample\weather_app\actions-runner\.runner_migrated'
[2025-11-03 06:39:52Z INFO ConfigurationStore] MigratedConfigFilePath: B:\JS-sample\weather_app\actions-runner\.runner_migrated
[2025-11-03 06:39:52Z INFO HostContext] Well known directory 'Bin': 'B:\JS-sample\weather_app\actions-runner\bin'
[2025-11-03 06:39:52Z INFO HostContext] Well known directory 'Root': 'B:\JS-sample\weather_app\actions-runner'
[2025-11-03 06:39:52Z INFO HostContext] Well known config file 'Credentials': 'B:\JS-sample\weather_app\actions-runner\.credentials'
[2025-11-03 06:39:52Z INFO ConfigurationStore] CredFilePath: B:\JS-sample\weather_app\actions-runner\.credentials
[2025-11-03 06:39:52Z INFO HostContext] Well known directory 'Bin': 'B:\JS-sample\weather_app\actions-runner\bin'
[2025-11-03 06:39:52Z INFO HostContext] Well known directory 'Root': 'B:\JS-sample\weather_app\actions-runner'
[2025-11-03 06:39:52Z INFO HostContext] Well known config file 'MigratedCredentials': 'B:\JS-sample\weather_app\actions-runner\.credentials_migrated'
[2025-11-03 06:39:52Z INFO ConfigurationStore] MigratedCredFilePath: B:\JS-sample\weather_app\actions-runner\.credentials_migrated
[2025-11-03 06:39:52Z INFO HostContext] Well known directory 'Bin': 'B:\JS-sample\weather_app\actions-runner\bin'
[2025-11-03 06:39:52Z INFO HostContext] Well known directory 'Root': 'B:\JS-sample\weather_app\actions-runner'
[2025-11-03 06:39:52Z INFO HostContext] Well known config file 'Service': 'B:\JS-sample\weather_app\actions-runner\.service'
[2025-11-03 06:39:52Z INFO ConfigurationStore] ServiceConfigFilePath: B:\JS-sample\weather_app\actions-runner\.service
[2025-11-03 06:39:52Z INFO CommandSettings] Flag 'help': 'False'
[2025-11-03 06:39:52Z INFO CommandSettings] Flag 'version': 'False'
[2025-11-03 06:39:52Z INFO CommandSettings] Flag 'commit': 'False'
[2025-11-03 06:39:52Z INFO CommandSettings] Flag 'check': 'False'
[2025-11-03 06:39:52Z INFO CommandSettings] Command 'configure': 'False'
[2025-11-03 06:39:52Z INFO CommandSettings] Command 'remove': 'False'
[2025-11-03 06:39:52Z INFO CommandSettings] Command 'warmup': 'False'
[2025-11-03 06:39:52Z INFO ConfigurationManager] LoadSettings
[2025-11-03 06:39:52Z INFO ConfigurationStore] IsConfigured()
[2025-11-03 06:39:52Z INFO ConfigurationStore] IsConfigured: True
[2025-11-03 06:39:52Z INFO ConfigurationManager] Is configured: True
[2025-11-03 06:39:52Z INFO ConfigurationStore] Read setting file: 401 chars
[2025-11-03 06:39:52Z INFO ConfigurationManager] Settings Loaded
[2025-11-03 06:39:52Z INFO ConfigurationStore] IsServiceConfigured()
[2025-11-03 06:39:52Z INFO ConfigurationStore] IsServiceConfigured: True
[2025-11-03 06:39:52Z INFO CommandSettings] Command 'run': 'True'
[2025-11-03 06:39:52Z INFO ConfigurationStore] IsConfigured()
[2025-11-03 06:39:52Z INFO ConfigurationStore] IsConfigured: True
[2025-11-03 06:39:52Z INFO ConfigurationManager] Is configured: True
[2025-11-03 06:39:52Z INFO Runner] Set runner startup type - Service
[2025-11-03 06:39:52Z INFO CommandSettings] Flag 'once': 'False'
[2025-11-03 06:39:52Z INFO CommandSettings] Flag 'once': 'False'
[2025-11-03 06:39:52Z INFO Runner] RunAsync
[2025-11-03 06:39:52Z INFO ConfigurationManager] LoadMigratedSettings
[2025-11-03 06:39:52Z INFO ConfigurationStore] IsMigratedConfigured()
[2025-11-03 06:39:52Z INFO ConfigurationStore] IsMigratedConfigured: False
[2025-11-03 06:39:52Z INFO Runner] Failed to load migrated settings: No migrated configuration found.
[2025-11-03 06:39:52Z INFO Runner] Falling back to original .runner settings
[2025-11-03 06:39:52Z INFO Runner] Using BrokerMessageListener
[2025-11-03 06:39:52Z INFO BrokerMessageListener] Using provided settings
[2025-11-03 06:39:52Z INFO BrokerMessageListener] {
  "AgentId": 2,
  "AgentName": "GOKULAKANNAN",
  "PoolId": 1,
  "PoolName": "Default",
  "ServerUrl": "https://pipelinesghubeus8.actions.githubusercontent.com/5sBAymbPaPxR1O0W6gtqzEvBhExuJXipg9lLJhvF680hLTVAYW/",
  "GitHubUrl": "https://github.com/a-gokulakannan/weather_app",
  "WorkFolder": "_work",
  "UseV2Flow": true,
  "ServerUrlV2": "https://broker.actions.githubusercontent.com/"
}
[2025-11-03 06:39:52Z INFO BrokerMessageListener] Loading Credentials
[2025-11-03 06:39:52Z INFO ConfigurationStore] HasCredentials()
[2025-11-03 06:39:52Z INFO ConfigurationStore] stored True
[2025-11-03 06:39:52Z INFO CredentialManager] GetCredentialProvider
[2025-11-03 06:39:52Z INFO CredentialManager] Creating type OAuth
[2025-11-03 06:39:52Z INFO CredentialManager] Creating credential type: OAuth
[2025-11-03 06:39:52Z INFO HostContext] Well known directory 'Bin': 'B:\JS-sample\weather_app\actions-runner\bin'
[2025-11-03 06:39:52Z INFO HostContext] Well known directory 'Root': 'B:\JS-sample\weather_app\actions-runner'
[2025-11-03 06:39:52Z INFO HostContext] Well known config file 'RSACredentials': 'B:\JS-sample\weather_app\actions-runner\.credentials_rsaparams'
[2025-11-03 06:39:52Z INFO RSAEncryptedFileKeyManager] Loading RSA key parameters from file B:\JS-sample\weather_app\actions-runner\.credentials_rsaparams
[2025-11-03 06:39:52Z INFO BrokerMessageListener] Attempt to create session.
[2025-11-03 06:39:52Z INFO BrokerMessageListener] Connecting to the Broker Server...
[2025-11-03 06:39:52Z INFO ConfigurationStore] HasCredentials()
[2025-11-03 06:39:52Z INFO ConfigurationStore] stored True
[2025-11-03 06:39:52Z INFO CredentialManager] GetCredentialProvider
[2025-11-03 06:39:52Z INFO CredentialManager] Creating type OAuth
[2025-11-03 06:39:52Z INFO CredentialManager] Creating credential type: OAuth
[2025-11-03 06:39:52Z INFO RSAEncryptedFileKeyManager] Loading RSA key parameters from file B:\JS-sample\weather_app\actions-runner\.credentials_rsaparams
[2025-11-03 06:39:52Z INFO BrokerMessageListener] VssConnection created
[2025-11-03 06:39:52Z INFO BrokerMessageListener] Connecting to the Runner server...
[2025-11-03 06:39:52Z INFO RunnerServer] EstablishVssConnection
[2025-11-03 06:39:52Z INFO RunnerServer] Establish connection with 100 seconds timeout.
[2025-11-03 06:39:52Z INFO GitHubActionsService] Starting operation Location.GetConnectionData
[2025-11-03 06:39:52Z INFO RunnerServer] EstablishVssConnection
[2025-11-03 06:39:52Z INFO RunnerServer] Establish connection with 60 seconds timeout.
[2025-11-03 06:39:52Z INFO GitHubActionsService] Starting operation Location.GetConnectionData
[2025-11-03 06:39:52Z INFO RunnerServer] EstablishVssConnection
[2025-11-03 06:39:52Z INFO RunnerServer] Establish connection with 60 seconds timeout.
[2025-11-03 06:39:52Z INFO GitHubActionsService] Starting operation Location.GetConnectionData
[2025-11-03 06:39:53Z INFO GitHubActionsService] Finished operation Location.GetConnectionData
[2025-11-03 06:39:53Z INFO GitHubActionsService] Finished operation Location.GetConnectionData
[2025-11-03 06:39:53Z INFO GitHubActionsService] Finished operation Location.GetConnectionData
[2025-11-03 06:39:53Z INFO BrokerMessageListener] VssConnection created
[2025-11-03 06:39:53Z INFO Terminal] WRITE LINE: 
[2025-11-03 06:39:53Z INFO Terminal] WRITE LINE: 
[2025-11-03 06:39:53Z INFO RSAEncryptedFileKeyManager] Loading RSA key parameters from file B:\JS-sample\weather_app\actions-runner\.credentials_rsaparams
[2025-11-03 06:39:53Z INFO RSAEncryptedFileKeyManager] Loading RSA key parameters from file B:\JS-sample\weather_app\actions-runner\.credentials_rsaparams
[2025-11-03 06:39:55Z INFO GitHubActionsService] AAD Correlation ID for this token request: Unknown
[2025-11-03 06:39:56Z INFO BrokerMessageListener] Session created.
[2025-11-03 06:39:56Z INFO Terminal] WRITE LINE: Current runner version: '2.329.0'
[2025-11-03 06:39:56Z INFO Terminal] WRITE LINE: 2025-11-03 06:39:56Z: Listening for Jobs
[2025-11-03 06:39:56Z INFO JobDispatcher] Set runner/worker IPC timeout to 30 seconds.
