[2025-11-03 06:53:23Z INFO HostContext] No proxy settings were found based on environmental variables (http_proxy/https_proxy/HTTP_PROXY/HTTPS_PROXY)
[2025-11-03 06:53:23Z INFO HostContext] Well known directory 'Bin': 'B:\JS-sample\weather_app\actions-runner\bin'
[2025-11-03 06:53:23Z INFO HostContext] Well known directory 'Root': 'B:\JS-sample\weather_app\actions-runner'
[2025-11-03 06:53:23Z INFO HostContext] Well known config file 'Credentials': 'B:\JS-sample\weather_app\actions-runner\.credentials'
[2025-11-03 06:53:23Z INFO HostContext] Well known directory 'Bin': 'B:\JS-sample\weather_app\actions-runner\bin'
[2025-11-03 06:53:23Z INFO HostContext] Well known directory 'Root': 'B:\JS-sample\weather_app\actions-runner'
[2025-11-03 06:53:23Z INFO HostContext] Well known config file 'Runner': 'B:\JS-sample\weather_app\actions-runner\.runner'
[2025-11-03 06:53:23Z INFO Listener] Runner is built for Windows (X64) - win-x64.
[2025-11-03 06:53:23Z INFO Listener] RuntimeInformation: Microsoft Windows 10.0.26200.
[2025-11-03 06:53:23Z INFO Listener] Version: 2.329.0
[2025-11-03 06:53:23Z INFO Listener] Commit: c76c59996c8fa32e989164a5a695efb12608ae5a
[2025-11-03 06:53:23Z INFO Listener] Culture: en-US
[2025-11-03 06:53:23Z INFO Listener] UI Culture: en-US
[2025-11-03 06:53:23Z INFO HostContext] Well known directory 'Bin': 'B:\JS-sample\weather_app\actions-runner\bin'
[2025-11-03 06:53:23Z INFO HostContext] Well known directory 'Root': 'B:\JS-sample\weather_app\actions-runner'
[2025-11-03 06:53:23Z INFO Listener] Validating directory permissions for: 'B:\JS-sample\weather_app\actions-runner'
[2025-11-03 06:53:23Z INFO CommandLineParser] Parse
[2025-11-03 06:53:23Z INFO CommandLineParser] Parsing 1 args
[2025-11-03 06:53:23Z INFO CommandLineParser] parsing argument
[2025-11-03 06:53:23Z INFO CommandLineParser] HasArgs: False
[2025-11-03 06:53:23Z INFO CommandLineParser] Adding Command: run
[2025-11-03 06:53:23Z INFO Listener] Arguments parsed
[2025-11-03 06:53:23Z INFO Runner] ExecuteCommand
[2025-11-03 06:53:23Z INFO ConfigurationStore] currentAssemblyLocation: B:\JS-sample\weather_app\actions-runner\bin\Runner.Listener.dll
[2025-11-03 06:53:23Z INFO HostContext] Well known directory 'Bin': 'B:\JS-sample\weather_app\actions-runner\bin'
[2025-11-03 06:53:23Z INFO ConfigurationStore] binPath: B:\JS-sample\weather_app\actions-runner\bin
[2025-11-03 06:53:23Z INFO HostContext] Well known directory 'Bin': 'B:\JS-sample\weather_app\actions-runner\bin'
[2025-11-03 06:53:23Z INFO HostContext] Well known directory 'Root': 'B:\JS-sample\weather_app\actions-runner'
[2025-11-03 06:53:23Z INFO ConfigurationStore] RootFolder: B:\JS-sample\weather_app\actions-runner
[2025-11-03 06:53:23Z INFO HostContext] Well known directory 'Bin': 'B:\JS-sample\weather_app\actions-runner\bin'
[2025-11-03 06:53:23Z INFO HostContext] Well known directory 'Root': 'B:\JS-sample\weather_app\actions-runner'
[2025-11-03 06:53:23Z INFO HostContext] Well known config file 'Runner': 'B:\JS-sample\weather_app\actions-runner\.runner'
[2025-11-03 06:53:23Z INFO ConfigurationStore] ConfigFilePath: B:\JS-sample\weather_app\actions-runner\.runner
[2025-11-03 06:53:23Z INFO HostContext] Well known directory 'Bin': 'B:\JS-sample\weather_app\actions-runner\bin'
[2025-11-03 06:53:23Z INFO HostContext] Well known directory 'Root': 'B:\JS-sample\weather_app\actions-runner'
[2025-11-03 06:53:23Z INFO HostContext] Well known config file 'MigratedRunner': 'B:\JS-sample\weather_app\actions-runner\.runner_migrated'
[2025-11-03 06:53:23Z INFO ConfigurationStore] MigratedConfigFilePath: B:\JS-sample\weather_app\actions-runner\.runner_migrated
[2025-11-03 06:53:23Z INFO HostContext] Well known directory 'Bin': 'B:\JS-sample\weather_app\actions-runner\bin'
[2025-11-03 06:53:23Z INFO HostContext] Well known directory 'Root': 'B:\JS-sample\weather_app\actions-runner'
[2025-11-03 06:53:23Z INFO HostContext] Well known config file 'Credentials': 'B:\JS-sample\weather_app\actions-runner\.credentials'
[2025-11-03 06:53:23Z INFO ConfigurationStore] CredFilePath: B:\JS-sample\weather_app\actions-runner\.credentials
[2025-11-03 06:53:23Z INFO HostContext] Well known directory 'Bin': 'B:\JS-sample\weather_app\actions-runner\bin'
[2025-11-03 06:53:23Z INFO HostContext] Well known directory 'Root': 'B:\JS-sample\weather_app\actions-runner'
[2025-11-03 06:53:23Z INFO HostContext] Well known config file 'MigratedCredentials': 'B:\JS-sample\weather_app\actions-runner\.credentials_migrated'
[2025-11-03 06:53:23Z INFO ConfigurationStore] MigratedCredFilePath: B:\JS-sample\weather_app\actions-runner\.credentials_migrated
[2025-11-03 06:53:23Z INFO HostContext] Well known directory 'Bin': 'B:\JS-sample\weather_app\actions-runner\bin'
[2025-11-03 06:53:23Z INFO HostContext] Well known directory 'Root': 'B:\JS-sample\weather_app\actions-runner'
[2025-11-03 06:53:23Z INFO HostContext] Well known config file 'Service': 'B:\JS-sample\weather_app\actions-runner\.service'
[2025-11-03 06:53:23Z INFO ConfigurationStore] ServiceConfigFilePath: B:\JS-sample\weather_app\actions-runner\.service
[2025-11-03 06:53:23Z INFO CommandSettings] Flag 'help': 'False'
[2025-11-03 06:53:23Z INFO CommandSettings] Flag 'version': 'False'
[2025-11-03 06:53:23Z INFO CommandSettings] Flag 'commit': 'False'
[2025-11-03 06:53:23Z INFO CommandSettings] Flag 'check': 'False'
[2025-11-03 06:53:23Z INFO CommandSettings] Command 'configure': 'False'
[2025-11-03 06:53:23Z INFO CommandSettings] Command 'remove': 'False'
[2025-11-03 06:53:23Z INFO CommandSettings] Command 'warmup': 'False'
[2025-11-03 06:53:23Z INFO ConfigurationManager] LoadSettings
[2025-11-03 06:53:23Z INFO ConfigurationStore] IsConfigured()
[2025-11-03 06:53:23Z INFO ConfigurationStore] IsConfigured: True
[2025-11-03 06:53:23Z INFO ConfigurationManager] Is configured: True
[2025-11-03 06:53:23Z INFO ConfigurationStore] Read setting file: 401 chars
[2025-11-03 06:53:23Z INFO ConfigurationManager] Settings Loaded
[2025-11-03 06:53:23Z INFO ConfigurationStore] IsServiceConfigured()
[2025-11-03 06:53:23Z INFO ConfigurationStore] IsServiceConfigured: True
[2025-11-03 06:53:23Z INFO CommandSettings] Command 'run': 'True'
[2025-11-03 06:53:23Z INFO ConfigurationStore] IsConfigured()
[2025-11-03 06:53:23Z INFO ConfigurationStore] IsConfigured: True
[2025-11-03 06:53:23Z INFO ConfigurationManager] Is configured: True
[2025-11-03 06:53:23Z INFO Runner] Try determine runner startup type base on console redirects.
[2025-11-03 06:53:23Z INFO Runner] Set runner startup type - Manual
[2025-11-03 06:53:23Z INFO CommandSettings] Flag 'once': 'False'
[2025-11-03 06:53:23Z INFO CommandSettings] Flag 'once': 'False'
[2025-11-03 06:53:23Z INFO Runner] RunAsync
[2025-11-03 06:53:23Z INFO ConfigurationManager] LoadMigratedSettings
[2025-11-03 06:53:23Z INFO ConfigurationStore] IsMigratedConfigured()
[2025-11-03 06:53:23Z INFO ConfigurationStore] IsMigratedConfigured: False
[2025-11-03 06:53:23Z INFO Runner] Failed to load migrated settings: No migrated configuration found.
[2025-11-03 06:53:23Z INFO Runner] Falling back to original .runner settings
[2025-11-03 06:53:23Z INFO Runner] Using BrokerMessageListener
[2025-11-03 06:53:23Z INFO BrokerMessageListener] Using provided settings
[2025-11-03 06:53:23Z INFO BrokerMessageListener] {
  "AgentId": 2,
  "AgentName": "GOKULAKANNAN",
  "PoolId": 1,
  "PoolName": "Default",
  "ServerUrl": "https://pipelinesghubeus8.actions.githubusercontent.com/5sBAymbPaPxR1O0W6gtqzEvBhExuJXipg9lLJhvF680hLTVAYW/",
  "GitHubUrl": "https://github.com/a-gokulakannan/weather_app",
  "WorkFolder": "_work",
  "UseV2Flow": true,
  "ServerUrlV2": "https://broker.actions.githubusercontent.com/"
}
[2025-11-03 06:53:23Z INFO BrokerMessageListener] Loading Credentials
[2025-11-03 06:53:23Z INFO ConfigurationStore] HasCredentials()
[2025-11-03 06:53:23Z INFO ConfigurationStore] stored True
[2025-11-03 06:53:23Z INFO CredentialManager] GetCredentialProvider
[2025-11-03 06:53:23Z INFO CredentialManager] Creating type OAuth
[2025-11-03 06:53:23Z INFO CredentialManager] Creating credential type: OAuth
[2025-11-03 06:53:23Z INFO HostContext] Well known directory 'Bin': 'B:\JS-sample\weather_app\actions-runner\bin'
[2025-11-03 06:53:23Z INFO HostContext] Well known directory 'Root': 'B:\JS-sample\weather_app\actions-runner'
[2025-11-03 06:53:23Z INFO HostContext] Well known config file 'RSACredentials': 'B:\JS-sample\weather_app\actions-runner\.credentials_rsaparams'
[2025-11-03 06:53:23Z INFO RSAEncryptedFileKeyManager] Loading RSA key parameters from file B:\JS-sample\weather_app\actions-runner\.credentials_rsaparams
[2025-11-03 06:53:23Z INFO BrokerMessageListener] Attempt to create session.
[2025-11-03 06:53:23Z INFO BrokerMessageListener] Connecting to the Broker Server...
[2025-11-03 06:53:23Z INFO ConfigurationStore] HasCredentials()
[2025-11-03 06:53:23Z INFO ConfigurationStore] stored True
[2025-11-03 06:53:23Z INFO CredentialManager] GetCredentialProvider
[2025-11-03 06:53:23Z INFO CredentialManager] Creating type OAuth
[2025-11-03 06:53:23Z INFO CredentialManager] Creating credential type: OAuth
[2025-11-03 06:53:23Z INFO RSAEncryptedFileKeyManager] Loading RSA key parameters from file B:\JS-sample\weather_app\actions-runner\.credentials_rsaparams
[2025-11-03 06:53:23Z INFO BrokerMessageListener] VssConnection created
[2025-11-03 06:53:23Z INFO BrokerMessageListener] Connecting to the Runner server...
[2025-11-03 06:53:23Z INFO RunnerServer] EstablishVssConnection
[2025-11-03 06:53:23Z INFO RunnerServer] Establish connection with 100 seconds timeout.
[2025-11-03 06:53:23Z INFO GitHubActionsService] Starting operation Location.GetConnectionData
[2025-11-03 06:53:23Z INFO RunnerServer] EstablishVssConnection
[2025-11-03 06:53:23Z INFO RunnerServer] Establish connection with 60 seconds timeout.
[2025-11-03 06:53:23Z INFO GitHubActionsService] Starting operation Location.GetConnectionData
[2025-11-03 06:53:23Z INFO RunnerServer] EstablishVssConnection
[2025-11-03 06:53:23Z INFO RunnerServer] Establish connection with 60 seconds timeout.
[2025-11-03 06:53:23Z INFO GitHubActionsService] Starting operation Location.GetConnectionData
[2025-11-03 06:53:24Z INFO GitHubActionsService] Finished operation Location.GetConnectionData
[2025-11-03 06:53:24Z INFO GitHubActionsService] Finished operation Location.GetConnectionData
[2025-11-03 06:53:24Z INFO GitHubActionsService] Finished operation Location.GetConnectionData
[2025-11-03 06:53:24Z INFO BrokerMessageListener] VssConnection created
[2025-11-03 06:53:24Z INFO Terminal] WRITE LINE: 
[2025-11-03 06:53:24Z INFO Terminal] WRITE LINE: 
[2025-11-03 06:53:24Z INFO RSAEncryptedFileKeyManager] Loading RSA key parameters from file B:\JS-sample\weather_app\actions-runner\.credentials_rsaparams
[2025-11-03 06:53:24Z INFO RSAEncryptedFileKeyManager] Loading RSA key parameters from file B:\JS-sample\weather_app\actions-runner\.credentials_rsaparams
[2025-11-03 06:53:25Z INFO GitHubActionsService] AAD Correlation ID for this token request: Unknown
[2025-11-03 06:53:26Z ERR  GitHubActionsService] POST request to https://broker.actions.githubusercontent.com/session failed. HTTP Status: Conflict
[2025-11-03 06:53:26Z ERR  BrokerMessageListener] Catch exception during create session.
[2025-11-03 06:53:26Z ERR  BrokerMessageListener] GitHub.DistributedTask.WebApi.TaskAgentSessionConflictException: Error: Conflict
   at GitHub.Actions.RunService.WebApi.BrokerHttpClient.CreateSessionAsync(TaskAgentSession session, CancellationToken cancellationToken)
   at GitHub.Runner.Common.BrokerServer.CreateSessionAsync(TaskAgentSession session, CancellationToken cancellationToken)
   at GitHub.Runner.Listener.BrokerMessageListener.CreateSessionAsync(CancellationToken token)
[2025-11-03 06:53:26Z INFO BrokerMessageListener] The session for this runner already exists.
[2025-11-03 06:53:26Z ERR  Terminal] WRITE ERROR: A session for this runner already exists.
[2025-11-03 06:53:26Z INFO BrokerMessageListener] The session conflict exception haven't reached retry limit.
[2025-11-03 06:53:26Z ERR  Terminal] WRITE ERROR: 2025-11-03 06:53:26Z: Runner connect error: Error: Conflict. Retrying until reconnected.
[2025-11-03 06:53:26Z INFO BrokerMessageListener] Sleeping for 30 seconds before retrying.
[2025-11-03 06:53:56Z INFO BrokerMessageListener] Attempt to create session.
[2025-11-03 06:53:56Z INFO BrokerMessageListener] Connecting to the Broker Server...
[2025-11-03 06:53:56Z INFO ConfigurationStore] HasCredentials()
[2025-11-03 06:53:56Z INFO ConfigurationStore] stored True
[2025-11-03 06:53:56Z INFO CredentialManager] GetCredentialProvider
[2025-11-03 06:53:56Z INFO CredentialManager] Creating type OAuth
[2025-11-03 06:53:56Z INFO CredentialManager] Creating credential type: OAuth
[2025-11-03 06:53:56Z INFO RSAEncryptedFileKeyManager] Loading RSA key parameters from file B:\JS-sample\weather_app\actions-runner\.credentials_rsaparams
[2025-11-03 06:53:56Z INFO BrokerMessageListener] VssConnection created
[2025-11-03 06:53:56Z INFO BrokerMessageListener] Connecting to the Runner server...
[2025-11-03 06:53:56Z INFO RunnerServer] EstablishVssConnection
[2025-11-03 06:53:56Z INFO RunnerServer] Establish connection with 100 seconds timeout.
[2025-11-03 06:53:56Z INFO GitHubActionsService] Starting operation Location.GetConnectionData
[2025-11-03 06:53:56Z INFO RunnerServer] EstablishVssConnection
[2025-11-03 06:53:56Z INFO RunnerServer] Establish connection with 60 seconds timeout.
[2025-11-03 06:53:56Z INFO GitHubActionsService] Starting operation Location.GetConnectionData
[2025-11-03 06:53:56Z INFO RunnerServer] EstablishVssConnection
[2025-11-03 06:53:56Z INFO RunnerServer] Establish connection with 60 seconds timeout.
[2025-11-03 06:53:56Z INFO GitHubActionsService] Starting operation Location.GetConnectionData
[2025-11-03 06:53:57Z INFO GitHubActionsService] Finished operation Location.GetConnectionData
[2025-11-03 06:53:57Z INFO GitHubActionsService] Finished operation Location.GetConnectionData
[2025-11-03 06:53:57Z INFO GitHubActionsService] Finished operation Location.GetConnectionData
[2025-11-03 06:53:57Z INFO BrokerMessageListener] VssConnection created
[2025-11-03 06:53:57Z INFO Terminal] WRITE LINE: 
[2025-11-03 06:53:57Z INFO Terminal] WRITE LINE: 
[2025-11-03 06:53:57Z INFO RSAEncryptedFileKeyManager] Loading RSA key parameters from file B:\JS-sample\weather_app\actions-runner\.credentials_rsaparams
[2025-11-03 06:53:57Z INFO RSAEncryptedFileKeyManager] Loading RSA key parameters from file B:\JS-sample\weather_app\actions-runner\.credentials_rsaparams
[2025-11-03 06:53:58Z INFO GitHubActionsService] AAD Correlation ID for this token request: Unknown
[2025-11-03 06:53:59Z ERR  GitHubActionsService] POST request to https://broker.actions.githubusercontent.com/session failed. HTTP Status: Conflict
[2025-11-03 06:53:59Z ERR  BrokerMessageListener] Catch exception during create session.
[2025-11-03 06:53:59Z ERR  BrokerMessageListener] GitHub.DistributedTask.WebApi.TaskAgentSessionConflictException: Error: Conflict
   at GitHub.Actions.RunService.WebApi.BrokerHttpClient.CreateSessionAsync(TaskAgentSession session, CancellationToken cancellationToken)
   at GitHub.Runner.Common.BrokerServer.CreateSessionAsync(TaskAgentSession session, CancellationToken cancellationToken)
   at GitHub.Runner.Listener.BrokerMessageListener.CreateSessionAsync(CancellationToken token)
[2025-11-03 06:53:59Z INFO BrokerMessageListener] The session for this runner already exists.
[2025-11-03 06:53:59Z ERR  Terminal] WRITE ERROR: A session for this runner already exists.
[2025-11-03 06:53:59Z INFO BrokerMessageListener] The session conflict exception haven't reached retry limit.
[2025-11-03 06:53:59Z INFO BrokerMessageListener] Sleeping for 30 seconds before retrying.
[2025-11-03 06:54:29Z INFO BrokerMessageListener] Attempt to create session.
[2025-11-03 06:54:29Z INFO BrokerMessageListener] Connecting to the Broker Server...
[2025-11-03 06:54:29Z INFO ConfigurationStore] HasCredentials()
[2025-11-03 06:54:29Z INFO ConfigurationStore] stored True
[2025-11-03 06:54:29Z INFO CredentialManager] GetCredentialProvider
[2025-11-03 06:54:29Z INFO CredentialManager] Creating type OAuth
[2025-11-03 06:54:29Z INFO CredentialManager] Creating credential type: OAuth
[2025-11-03 06:54:29Z INFO RSAEncryptedFileKeyManager] Loading RSA key parameters from file B:\JS-sample\weather_app\actions-runner\.credentials_rsaparams
[2025-11-03 06:54:29Z INFO BrokerMessageListener] VssConnection created
[2025-11-03 06:54:29Z INFO BrokerMessageListener] Connecting to the Runner server...
[2025-11-03 06:54:29Z INFO RunnerServer] EstablishVssConnection
[2025-11-03 06:54:29Z INFO RunnerServer] Establish connection with 100 seconds timeout.
[2025-11-03 06:54:29Z INFO GitHubActionsService] Starting operation Location.GetConnectionData
[2025-11-03 06:54:29Z INFO RunnerServer] EstablishVssConnection
[2025-11-03 06:54:29Z INFO RunnerServer] Establish connection with 60 seconds timeout.
[2025-11-03 06:54:29Z INFO GitHubActionsService] Starting operation Location.GetConnectionData
[2025-11-03 06:54:29Z INFO RunnerServer] EstablishVssConnection
[2025-11-03 06:54:29Z INFO RunnerServer] Establish connection with 60 seconds timeout.
[2025-11-03 06:54:29Z INFO GitHubActionsService] Starting operation Location.GetConnectionData
[2025-11-03 06:54:29Z INFO GitHubActionsService] Finished operation Location.GetConnectionData
[2025-11-03 06:54:29Z INFO GitHubActionsService] Finished operation Location.GetConnectionData
[2025-11-03 06:54:30Z INFO GitHubActionsService] Finished operation Location.GetConnectionData
[2025-11-03 06:54:30Z INFO BrokerMessageListener] VssConnection created
[2025-11-03 06:54:30Z INFO Terminal] WRITE LINE: 
[2025-11-03 06:54:30Z INFO Terminal] WRITE LINE: 
[2025-11-03 06:54:30Z INFO RSAEncryptedFileKeyManager] Loading RSA key parameters from file B:\JS-sample\weather_app\actions-runner\.credentials_rsaparams
[2025-11-03 06:54:30Z INFO RSAEncryptedFileKeyManager] Loading RSA key parameters from file B:\JS-sample\weather_app\actions-runner\.credentials_rsaparams
[2025-11-03 06:54:30Z INFO GitHubActionsService] AAD Correlation ID for this token request: Unknown
[2025-11-03 06:54:31Z ERR  GitHubActionsService] POST request to https://broker.actions.githubusercontent.com/session failed. HTTP Status: Conflict
[2025-11-03 06:54:31Z ERR  BrokerMessageListener] Catch exception during create session.
[2025-11-03 06:54:31Z ERR  BrokerMessageListener] GitHub.DistributedTask.WebApi.TaskAgentSessionConflictException: Error: Conflict
   at GitHub.Actions.RunService.WebApi.BrokerHttpClient.CreateSessionAsync(TaskAgentSession session, CancellationToken cancellationToken)
   at GitHub.Runner.Common.BrokerServer.CreateSessionAsync(TaskAgentSession session, CancellationToken cancellationToken)
   at GitHub.Runner.Listener.BrokerMessageListener.CreateSessionAsync(CancellationToken token)
[2025-11-03 06:54:31Z INFO BrokerMessageListener] The session for this runner already exists.
[2025-11-03 06:54:31Z ERR  Terminal] WRITE ERROR: A session for this runner already exists.
[2025-11-03 06:54:31Z INFO BrokerMessageListener] The session conflict exception haven't reached retry limit.
[2025-11-03 06:54:31Z INFO BrokerMessageListener] Sleeping for 30 seconds before retrying.
[2025-11-03 06:55:01Z INFO Terminal] WRITE LINE: Exiting...
[2025-11-03 06:55:01Z INFO ConfigurationStore] IsServiceConfigured()
[2025-11-03 06:55:01Z INFO ConfigurationStore] IsServiceConfigured: True
[2025-11-03 06:55:01Z INFO Runner] Received Ctrl-C signal, stop Runner.Listener and Runner.Worker.
[2025-11-03 06:55:01Z INFO HostContext] Runner will be shutdown for UserCancelled
[2025-11-03 06:55:01Z INFO Listener] Runner execution been cancelled.
